<?xml version="1.0" encoding="UTF-8"?>
<testng-results ignored="0" total="1" passed="1" failed="0" skipped="0">
  <reporter-output>
  </reporter-output>
  <suite started-at="2022-10-22T00:17:53 EDT" name="Default suite" finished-at="2022-10-22T00:18:09 EDT" duration-ms="15698">
    <groups>
    </groups>
    <test started-at="2022-10-22T00:17:53 EDT" name="Default test" finished-at="2022-10-22T00:18:09 EDT" duration-ms="15698">
      <class name="test.AddCustomerTest">
        <test-method signature="userShouldBeAbleToCreateCustomer()[pri:0, instance:test.AddCustomerTest@758a34ce]" started-at="2022-10-22T00:17:53 EDT" name="userShouldBeAbleToCreateCustomer" finished-at="2022-10-22T00:18:09 EDT" duration-ms="15638" status="PASS">
          <reporter-output>
          </reporter-output>
        </test-method> <!-- userShouldBeAbleToCreateCustomer -->
      </class> <!-- test.AddCustomerTest -->
    </test> <!-- Default test -->
  </suite> <!-- Default suite -->
</testng-results>
